<?xml version="1.0" encoding="UTF-8"?>
<testng-results ignored="0" total="1" passed="1" failed="0" skipped="0">
  <reporter-output>
    <line>
      <![CDATA[Email ID  saved in Excel is: manjunathmunikrishnappa@outlook.com]]>
    </line>
  </reporter-output>
  <suite started-at="2023-05-05T09:08:01 IST" name="Suite" finished-at="2023-05-05T09:08:25 IST" duration-ms="24711">
    <groups>
    </groups>
    <test started-at="2023-05-05T09:08:01 IST" name="Test" finished-at="2023-05-05T09:08:25 IST" duration-ms="24711">
      <class name="testScript.TC_001HP">
        <test-method is-config="true" signature="openHomePage()[pri:0, instance:testScript.TC_001HP@6b927fb]" started-at="2023-05-05T09:08:01 IST" name="openHomePage" finished-at="2023-05-05T09:08:06 IST" duration-ms="5654" status="PASS">
          <reporter-output>
          </reporter-output>
        </test-method> <!-- openHomePage -->
        <test-method signature="multiTask()[pri:0, instance:testScript.TC_001HP@6b927fb]" started-at="2023-05-05T09:08:06 IST" name="multiTask" finished-at="2023-05-05T09:08:23 IST" duration-ms="16833" status="PASS">
          <reporter-output>
            <line>
              <![CDATA[Email ID  saved in Excel is: manjunathmunikrishnappa@outlook.com]]>
            </line>
          </reporter-output>
        </test-method> <!-- multiTask -->
        <test-method is-config="true" signature="closeWebPage()[pri:0, instance:testScript.TC_001HP@6b927fb]" started-at="2023-05-05T09:08:23 IST" name="closeWebPage" finished-at="2023-05-05T09:08:25 IST" duration-ms="2164" status="PASS">
          <reporter-output>
          </reporter-output>
        </test-method> <!-- closeWebPage -->
      </class> <!-- testScript.TC_001HP -->
    </test> <!-- Test -->
  </suite> <!-- Suite -->
</testng-results>
